<?xml version="1.0" encoding="UTF-8"?>
<testng-results ignored="0" total="1" passed="1" failed="0" skipped="0">
  <reporter-output>
  </reporter-output>
  <suite started-at="2024-08-28T21:07:51 IST" name="LoginTestSuite" finished-at="2024-08-28T21:08:05 IST" duration-ms="13885">
    <groups>
    </groups>
    <test started-at="2024-08-28T21:07:51 IST" name="EdgeTest" finished-at="2024-08-28T21:08:05 IST" duration-ms="13885">
      <class name="testcases.LoginTest">
        <test-method signature="login_test()[pri:0, instance:testcases.LoginTest@49ec71f8]" started-at="2024-08-28T21:07:51 IST" name="login_test" finished-at="2024-08-28T21:08:04 IST" duration-ms="13770" status="PASS">
          <reporter-output>
          </reporter-output>
        </test-method> <!-- login_test -->
      </class> <!-- testcases.LoginTest -->
    </test> <!-- EdgeTest -->
  </suite> <!-- LoginTestSuite -->
</testng-results>
